d:\data\vs\code\reclem\reclem\x64\debug\playlisttabbar.obj
d:\data\vs\code\reclem\reclem\x64\debug\reclem.obj
d:\data\vs\code\reclem\reclem\x64\debug\main.obj
d:\data\vs\code\reclem\reclem\x64\debug\vc140.pdb
d:\data\vs\code\reclem\reclem\x64\debug\moc_reclem.obj
d:\data\vs\code\reclem\reclem\x64\debug\qrc_reclem.obj
d:\data\vs\code\reclem\reclem\x64\debug\moc_playlisttabbar.obj
d:\data\vs\code\reclem\reclem\x64\debug\moc_playlistcontainer.obj
d:\data\vs\code\reclem\reclem\x64\debug\playlistcontainer.obj
d:\data\vs\code\reclem\reclem\x64\debug\playlistview.obj
d:\data\vs\code\reclem\reclem\x64\debug\appearance.obj
d:\data\vs\code\reclem\x64\debug\reclem.ilk
d:\data\vs\code\reclem\x64\debug\reclem.exe
d:\data\vs\code\reclem\x64\debug\reclem.pdb
d:\data\vs\code\reclem\reclem\x64\debug\moc\moc_reclem.cpp
d:\data\vs\code\reclem\reclem\x64\debug\moc\moc_playlisttabbar.cpp
d:\data\vs\code\reclem\reclem\x64\debug\moc\moc_playlistcontainer.cpp
d:\data\vs\code\reclem\reclem\x64\debug\reclem.res
d:\data\vs\code\reclem\reclem\x64\debug\rcc\qrc_reclem.cpp
d:\data\vs\code\reclem\reclem\x64\debug\uic\ui_reclem.h
d:\data\vs\code\reclem\reclem\x64\debug\uic\ui_playlistcontainer.h
d:\data\vs\code\reclem\reclem\x64\debug\reclem.tlog\cl.command.1.tlog
d:\data\vs\code\reclem\reclem\x64\debug\reclem.tlog\cl.read.1.tlog
d:\data\vs\code\reclem\reclem\x64\debug\reclem.tlog\cl.write.1.tlog
d:\data\vs\code\reclem\reclem\x64\debug\reclem.tlog\link.1624-cvtres.read.1.tlog
d:\data\vs\code\reclem\reclem\x64\debug\reclem.tlog\link.1624-cvtres.write.1.tlog
d:\data\vs\code\reclem\reclem\x64\debug\reclem.tlog\link.1624-rc.read.1.tlog
d:\data\vs\code\reclem\reclem\x64\debug\reclem.tlog\link.1624-rc.write.1.tlog
d:\data\vs\code\reclem\reclem\x64\debug\reclem.tlog\link.1624.read.1.tlog
d:\data\vs\code\reclem\reclem\x64\debug\reclem.tlog\link.1624.write.1.tlog
d:\data\vs\code\reclem\reclem\x64\debug\reclem.tlog\link.command.1.tlog
d:\data\vs\code\reclem\reclem\x64\debug\reclem.tlog\link.read.1.tlog
d:\data\vs\code\reclem\reclem\x64\debug\reclem.tlog\link.write.1.tlog
d:\data\vs\code\reclem\reclem\x64\debug\reclem.tlog\moc.read.1u.tlog
d:\data\vs\code\reclem\reclem\x64\debug\reclem.tlog\moc.write.1u.tlog
d:\data\vs\code\reclem\reclem\x64\debug\reclem.tlog\rc.command.1.tlog
d:\data\vs\code\reclem\reclem\x64\debug\reclem.tlog\rc.read.1.tlog
d:\data\vs\code\reclem\reclem\x64\debug\reclem.tlog\rc.write.1.tlog
d:\data\vs\code\reclem\reclem\x64\debug\reclem.tlog\rcc.read.1u.tlog
d:\data\vs\code\reclem\reclem\x64\debug\reclem.tlog\rcc.write.1u.tlog
d:\data\vs\code\reclem\reclem\x64\debug\reclem.tlog\reclem.write.1u.tlog
d:\data\vs\code\reclem\reclem\x64\debug\reclem.tlog\uic.read.1u.tlog
d:\data\vs\code\reclem\reclem\x64\debug\reclem.tlog\uic.write.1u.tlog
