生成启动时间为 2020/8/28 17:13:46。
     1>项目“D:\Data\vs\code\ReClem\ReClem\ReClem.vcxproj”在节点 2 上(Build 个目标)。
     1>项目“D:\Data\vs\code\ReClem\ReClem\ReClem.vcxproj”(1)正在节点 2 上生成“D:\Data\vs\code\ReClem\ReClem\ReClem.vcxproj”(1:2) (Build 个目标)。
     1>QtRccSetDependencies:
         "D:\Soft\Qt\5.11.2\msvc2015_64\bin\rcc.exe" --list "ReClem.qrc" > "x64\Debug\rcc_list.txt" 2> nul
       QtWork:
         moc src\core\Application.h
       ClCompile:
         D:\Soft\VS\VC\bin\x86_amd64\CL.exe /c /Ix64\Debug\uic /Ix64\Debug\moc /ID:\Soft\Qt\5.11.2\msvc2015_64\include /ID:\Soft\Qt\5.11.2\msvc2015_64\include\QtWidgets /ID:\Soft\Qt\5.11.2\msvc2015_64\include\QtGui /ID:\Soft\Qt\5.11.2\msvc2015_64\include\QtANGLE /ID:\Soft\Qt\5.11.2\msvc2015_64\include\QtCore /I\include /I"D:\Soft\Qt\5.11.2\msvc2015_64\mkspecs\win32-msvc" /Ix64\Debug\moc /Ix64\Debug\uic /Zi /nologo /W1 /WX- /MP /Od /D UNICODE /D _UNICODE /D WIN32 /D WIN64 /D QT_WIDGETS_LIB /D QT_GUI_LIB /D QT_CORE_LIB /Gm- /EHsc /MDd /GS /fp:precise /Zc:wchar_t /Zc:forScope /Zc:inline /Fo"x64\Debug\\" /Fd"x64\Debug\vc140.pdb" /Gd /TP /errorReport:prompt ui\IconLoader.cpp src\core\Application.cpp src\playlist\PlaylistView.cpp src\core\Utilities.cpp src\playlist\PlaylistContainer.cpp
         IconLoader.cpp
         Application.cpp
         PlaylistView.cpp
         Utilities.cpp
         PlaylistContainer.cpp
     1>src\playlist\PlaylistView.cpp(13): error C2653: “IconLoader”: 不是类或命名空间名称
     1>src\playlist\PlaylistView.cpp(13): error C2065: “Other”: 未声明的标识符
     1>src\playlist\PlaylistView.cpp(13): error C3861: “Load”: 找不到标识符
     1>src\playlist\PlaylistView.cpp(14): error C2065: “currenttrack_play_”: 未声明的标识符
     1>src\playlist\PlaylistView.cpp(17): error C2653: “IconLoader”: 不是类或命名空间名称
     1>src\playlist\PlaylistView.cpp(17): error C2065: “Other”: 未声明的标识符
     1>src\playlist\PlaylistView.cpp(17): error C3861: “Load”: 找不到标识符
     1>src\playlist\PlaylistView.cpp(18): error C2065: “currenttrack_pause_”: 未声明的标识符
     1>已完成生成项目“D:\Data\vs\code\ReClem\ReClem\ReClem.vcxproj”(Build 个目标)的操作 - 失败。
     1>已完成生成项目“D:\Data\vs\code\ReClem\ReClem\ReClem.vcxproj”(Build 个目标)的操作 - 失败。

生成失败。

已用时间 00:00:04.13
