生成启动时间为 2020/9/18 16:40:41。
     1>项目“D:\Data\vs\code\ReClem\ReClem\ReClem.vcxproj”在节点 2 上(Build 个目标)。
     1>项目“D:\Data\vs\code\ReClem\ReClem\ReClem.vcxproj”(1)正在节点 2 上生成“D:\Data\vs\code\ReClem\ReClem\ReClem.vcxproj”(1:2) (Build 个目标)。
     1>QtRccSetDependencies:
         "D:\Soft\Qt5_11\5.11.2\msvc2015\bin\rcc.exe" --list "ReClem.qrc" > "Debug\rcc_list.txt" 2> nul
       ClCompile:
         D:\Soft\VS\VC\bin\CL.exe /c /IDebug\uic /IDebug\moc /ID:\Soft\Qt5_11\5.11.2\msvc2015\include /ID:\Soft\Qt5_11\5.11.2\msvc2015\include\QtWidgets /ID:\Soft\Qt5_11\5.11.2\msvc2015\include\QtGui /ID:\Soft\Qt5_11\5.11.2\msvc2015\include\QtANGLE /ID:\Soft\Qt5_11\5.11.2\msvc2015\include\QtCore /I\include /I"D:\Soft\Qt5_11\5.11.2\msvc2015\mkspecs\win32-msvc" /IDebug\moc /IDebug\uic /Zi /nologo /W1 /WX- /MP /Od /Oy- /D UNICODE /D _UNICODE /D WIN32 /D QT_WIDGETS_LIB /D QT_GUI_LIB /D QT_CORE_LIB /Gm- /EHsc /MDd /GS /fp:precise /Zc:wchar_t /Zc:forScope /Zc:inline /Fo"Debug\\" /Fd"Debug\vc140.pdb" /Gd /TP /analyze- /errorReport:prompt src\playlist\PlaylistManager.cpp src\playlist\PlaylistContainer.cpp
         PlaylistManager.cpp
         PlaylistContainer.cpp
     1>d:\data\vs\code\reclem\reclem\src\playlist\PlaylistManager.h(44): error C4430: 缺少类型说明符 - 假定为 int。注意: C++ 不支持默认 int (编译源文件 src\playlist\PlaylistManager.cpp)
     1>d:\data\vs\code\reclem\reclem\src\playlist\PlaylistManager.h(44): error C2143: 语法错误: 缺少“,”(在“&”的前面) (编译源文件 src\playlist\PlaylistManager.cpp)
     1>d:\data\vs\code\reclem\reclem\src\playlist\PlaylistManager.h(48): error C2027: 使用了未定义类型“Playlist” (编译源文件 src\playlist\PlaylistManager.cpp)
         d:\data\vs\code\reclem\reclem\src\playlist\PlaylistManager.h(6): note: 参见“Playlist”的声明 (编译源文件 src\playlist\PlaylistManager.cpp)
     1>d:\data\vs\code\reclem\reclem\src\playlist\PlaylistManager.h(48): error C2061: 语法错误: 标识符“Path” (编译源文件 src\playlist\PlaylistManager.cpp)
     1>d:\data\vs\code\reclem\reclem\src\playlist\PlaylistManager.h(80): error C2062: 意外的类型“bool”  (编译源文件 src\playlist\PlaylistManager.cpp)
     1>d:\data\vs\code\reclem\reclem\src\playlist\PlaylistManager.h(80): error C2059: 语法错误:“=” (编译源文件 src\playlist\PlaylistManager.cpp)
     1>d:\data\vs\code\reclem\reclem\src\playlist\PlaylistManager.h(80): error C2238: 意外的标记位于“;”之前 (编译源文件 src\playlist\PlaylistManager.cpp)
     1>D:\Data\vs\code\ReClem\ReClem\src\playlist/PlaylistManager.h(44): error C4430: 缺少类型说明符 - 假定为 int。注意: C++ 不支持默认 int (编译源文件 src\playlist\PlaylistContainer.cpp)
     1>D:\Data\vs\code\ReClem\ReClem\src\playlist/PlaylistManager.h(44): error C2143: 语法错误: 缺少“,”(在“&”的前面) (编译源文件 src\playlist\PlaylistContainer.cpp)
     1>D:\Data\vs\code\ReClem\ReClem\src\playlist/PlaylistManager.h(80): error C2062: 意外的类型“bool”  (编译源文件 src\playlist\PlaylistContainer.cpp)
     1>D:\Data\vs\code\ReClem\ReClem\src\playlist/PlaylistManager.h(80): error C2059: 语法错误:“=” (编译源文件 src\playlist\PlaylistContainer.cpp)
     1>D:\Data\vs\code\ReClem\ReClem\src\playlist/PlaylistManager.h(80): error C2238: 意外的标记位于“;”之前 (编译源文件 src\playlist\PlaylistContainer.cpp)
     1>已完成生成项目“D:\Data\vs\code\ReClem\ReClem\ReClem.vcxproj”(Build 个目标)的操作 - 失败。
     1>已完成生成项目“D:\Data\vs\code\ReClem\ReClem\ReClem.vcxproj”(Build 个目标)的操作 - 失败。

生成失败。

已用时间 00:00:01.54
