d:\data\vs\code\reclem\reclem\debug\qrc_reclem.obj
d:\data\vs\code\reclem\reclem\debug\moc_reclem.obj
d:\data\vs\code\reclem\reclem\debug\vc140.pdb
d:\data\vs\code\reclem\reclem\debug\playlisttabbar.obj
d:\data\vs\code\reclem\reclem\debug\stretchheaderview.obj
d:\data\vs\code\reclem\reclem\debug\appearance.obj
d:\data\vs\code\reclem\reclem\debug\searchfield.obj
d:\data\vs\code\reclem\reclem\debug\playlist.obj
d:\data\vs\code\reclem\reclem\debug\playlistheader.obj
d:\data\vs\code\reclem\reclem\debug\application.obj
d:\data\vs\code\reclem\reclem\debug\utilities.obj
d:\data\vs\code\reclem\reclem\debug\playlistview.obj
d:\data\vs\code\reclem\reclem\debug\playlistcontainer.obj
d:\data\vs\code\reclem\reclem\debug\moc_playlistcontainer.obj
d:\data\vs\code\reclem\reclem\debug\moc_stretchheaderview.obj
d:\data\vs\code\reclem\reclem\debug\moc_application.obj
d:\data\vs\code\reclem\reclem\debug\moc_playlisttabbar.obj
d:\data\vs\code\reclem\reclem\debug\moc_playlistheader.obj
d:\data\vs\code\reclem\reclem\debug\moc_playlist.obj
d:\data\vs\code\reclem\reclem\debug\iconloader.obj
d:\data\vs\code\reclem\reclem\debug\logging.obj
d:\data\vs\code\reclem\reclem\debug\reclem.obj
d:\data\vs\code\reclem\reclem\debug\main.obj
d:\data\vs\code\reclem\debug\reclem.ilk
d:\data\vs\code\reclem\debug\reclem.exe
d:\data\vs\code\reclem\debug\reclem.pdb
d:\data\vs\code\reclem\reclem\debug\moc\moc_reclem.cpp
d:\data\vs\code\reclem\reclem\debug\moc\moc_stretchheaderview.cpp
d:\data\vs\code\reclem\reclem\debug\moc\moc_playlisttabbar.cpp
d:\data\vs\code\reclem\reclem\debug\moc\moc_playlistheader.cpp
d:\data\vs\code\reclem\reclem\debug\moc\moc_playlistcontainer.cpp
d:\data\vs\code\reclem\reclem\debug\moc\moc_playlist.cpp
d:\data\vs\code\reclem\reclem\debug\moc\moc_application.cpp
d:\data\vs\code\reclem\reclem\debug\rcc\qrc_reclem.cpp
d:\data\vs\code\reclem\reclem\debug\uic\ui_reclem.h
d:\data\vs\code\reclem\reclem\debug\uic\ui_playlistcontainer.h
d:\data\vs\code\reclem\reclem\debug\reclem.tlog\cl.command.1.tlog
d:\data\vs\code\reclem\reclem\debug\reclem.tlog\cl.read.1.tlog
d:\data\vs\code\reclem\reclem\debug\reclem.tlog\cl.write.1.tlog
d:\data\vs\code\reclem\reclem\debug\reclem.tlog\link.command.1.tlog
d:\data\vs\code\reclem\reclem\debug\reclem.tlog\link.read.1.tlog
d:\data\vs\code\reclem\reclem\debug\reclem.tlog\link.write.1.tlog
d:\data\vs\code\reclem\reclem\debug\reclem.tlog\moc.read.1u.tlog
d:\data\vs\code\reclem\reclem\debug\reclem.tlog\moc.write.1u.tlog
d:\data\vs\code\reclem\reclem\debug\reclem.tlog\rcc.read.1u.tlog
d:\data\vs\code\reclem\reclem\debug\reclem.tlog\rcc.write.1u.tlog
d:\data\vs\code\reclem\reclem\debug\reclem.tlog\reclem.write.1u.tlog
d:\data\vs\code\reclem\reclem\debug\reclem.tlog\uic.read.1u.tlog
d:\data\vs\code\reclem\reclem\debug\reclem.tlog\uic.write.1u.tlog
